<?xml version="1.0" encoding="UTF-8"?><testsuite errors="0" failures="2" name="Search a property" skipped="0" tests="5" time="241.84" timestamp="2018-10-26 08:58:25"><testcase name="Search a property"><failure message="Expected enabled element was not enabled" type="net.thucydides.core.webdriver.exceptions.ElementShouldBeEnabledException">Expected enabled element was not enabled</failure><system-err>Expected enabled element was not enabled&#13;
co.com.fincaraiz.tasks.SelectZone.performAs(SelectZone.java:21)&#13;
co.com.fincaraiz.StepsDefinitions.FincaRaizStepsDefinitions.hePressClickOnTheMapFrom(FincaRaizStepsDefinitions.java:77)&#13;
cucumber.runner.Runner.runPickle(Runner.java:80)&#13;
org.eclipse.jdt.internal.junit4.runner.JUnit4TestReference.run(JUnit4TestReference.java:86)&#13;
org.eclipse.jdt.internal.junit.runner.TestExecution.run(TestExecution.java:38)&#13;
org.eclipse.jdt.internal.junit.runner.RemoteTestRunner.runTests(RemoteTestRunner.java:538)&#13;
org.eclipse.jdt.internal.junit.runner.RemoteTestRunner.runTests(RemoteTestRunner.java:760)&#13;
org.eclipse.jdt.internal.junit.runner.RemoteTestRunner.run(RemoteTestRunner.java:460)&#13;
org.eclipse.jdt.internal.junit.runner.RemoteTestRunner.main(RemoteTestRunner.java:206)&#13;
</system-err></testcase></testsuite>